2021-07-31T14:47:10.007906Z 0 [System] [MY-010116] [Server] /usr/sbin/mysqld (mysqld 8.0.26) starting as process 270
2021-07-31T14:47:10.015883Z 0 [Warning] [MY-010159] [Server] Setting lower_case_table_names=2 because file system for /var/lib/mysql/ is case insensitive
2021-07-31T14:47:10.036364Z 1 [System] [MY-013576] [InnoDB] InnoDB initialization has started.
2021-07-31T14:47:10.165071Z 1 [ERROR] [MY-012574] [InnoDB] Unable to lock ./ibdata1 error: 11
2021-07-31T14:47:11.169791Z 1 [ERROR] [MY-012574] [InnoDB] Unable to lock ./ibdata1 error: 11
2021-07-31T14:47:12.173883Z 1 [ERROR] [MY-012574] [InnoDB] Unable to lock ./ibdata1 error: 11
2021-07-31T14:47:13.179639Z 1 [ERROR] [MY-012574] [InnoDB] Unable to lock ./ibdata1 error: 11
2021-07-31T14:47:14.184713Z 1 [ERROR] [MY-012574] [InnoDB] Unable to lock ./ibdata1 error: 11
2021-07-31T14:47:15.188535Z 1 [ERROR] [MY-012574] [InnoDB] Unable to lock ./ibdata1 error: 11
2021-07-31T14:47:16.191666Z 1 [ERROR] [MY-012574] [InnoDB] Unable to lock ./ibdata1 error: 11
2021-07-31T14:47:17.195074Z 1 [ERROR] [MY-012574] [InnoDB] Unable to lock ./ibdata1 error: 11
2021-07-31T14:47:18.199789Z 1 [ERROR] [MY-012574] [InnoDB] Unable to lock ./ibdata1 error: 11
2021-07-31T14:47:19.205167Z 1 [ERROR] [MY-012574] [InnoDB] Unable to lock ./ibdata1 error: 11
2021-07-31T14:47:20.209432Z 1 [ERROR] [MY-012574] [InnoDB] Unable to lock ./ibdata1 error: 11
2021-07-31T14:47:21.214720Z 1 [ERROR] [MY-012574] [InnoDB] Unable to lock ./ibdata1 error: 11
2021-07-31T14:47:22.218886Z 1 [ERROR] [MY-012574] [InnoDB] Unable to lock ./ibdata1 error: 11
2021-07-31T14:47:23.222686Z 1 [ERROR] [MY-012574] [InnoDB] Unable to lock ./ibdata1 error: 11
2021-07-31T14:47:24.226777Z 1 [ERROR] [MY-012574] [InnoDB] Unable to lock ./ibdata1 error: 11
2021-07-31T14:47:25.271905Z 1 [ERROR] [MY-012574] [InnoDB] Unable to lock ./#ib_16384_0.dblwr error: 11
2021-07-31T14:47:25.272942Z 1 [ERROR] [MY-013538] [InnoDB] Doublewrite file create failed: ./#ib_16384_0.dblwr
2021-07-31T14:47:25.273739Z 1 [ERROR] [MY-012930] [InnoDB] Plugin initialization aborted with error I/O error.
2021-07-31T14:47:25.721640Z 1 [ERROR] [MY-010334] [Server] Failed to initialize DD Storage Engine
2021-07-31T14:47:25.722716Z 0 [ERROR] [MY-010020] [Server] Data Dictionary initialization failed.
2021-07-31T14:47:25.723675Z 0 [ERROR] [MY-010119] [Server] Aborting
2021-07-31T14:47:25.725245Z 0 [System] [MY-010910] [Server] /usr/sbin/mysqld: Shutdown complete (mysqld 8.0.26)  MySQL Community Server - GPL.
